<?xml version="1.0" encoding="UTF-8"?>
<testng-results ignored="0" total="1" passed="1" failed="0" skipped="0">
  <reporter-output>
  </reporter-output>
  <suite started-at="2024-05-22T18:38:22 IST" name="Suite" finished-at="2024-05-22T18:38:36 IST" duration-ms="13576">
    <groups>
    </groups>
    <test started-at="2024-05-22T18:38:22 IST" name="Test" finished-at="2024-05-22T18:38:36 IST" duration-ms="13576">
      <class name="testCases.AddToCart">
        <test-method is-config="true" signature="launchBrowser()[pri:0, instance:testCases.AddToCart@343570b7]" started-at="2024-05-22T18:38:15 IST" name="launchBrowser" finished-at="2024-05-22T18:38:22 IST" duration-ms="7081" status="PASS">
          <reporter-output>
          </reporter-output>
        </test-method> <!-- launchBrowser -->
        <test-method is-config="true" signature="reportGeneration()[pri:0, instance:testCases.AddToCart@343570b7]" started-at="2024-05-22T18:38:22 IST" name="reportGeneration" finished-at="2024-05-22T18:38:22 IST" duration-ms="157" status="PASS">
          <reporter-output>
          </reporter-output>
        </test-method> <!-- reportGeneration -->
        <test-method signature="itemsAddTocart()[pri:0, instance:testCases.AddToCart@343570b7]" started-at="2024-05-22T18:38:22 IST" name="itemsAddTocart" finished-at="2024-05-22T18:38:36 IST" duration-ms="13390" status="PASS">
          <reporter-output>
          </reporter-output>
        </test-method> <!-- itemsAddTocart -->
        <test-method is-config="true" signature="testFail(org.testng.ITestResult)[pri:0, instance:testCases.AddToCart@343570b7]" started-at="2024-05-22T18:38:36 IST" name="testFail" finished-at="2024-05-22T18:38:36 IST" duration-ms="3" status="PASS">
          <params>
            <param index="0">
              <value>
                <![CDATA[[TestResult name=itemsAddTocart status=SUCCESS method=AddToCart.itemsAddTocart()[pri:0, instance:testCases.AddToCart@343570b7] output={null}]]]>
              </value>
            </param>
          </params>
          <reporter-output>
          </reporter-output>
        </test-method> <!-- testFail -->
        <test-method is-config="true" signature="tearDown()[pri:0, instance:testCases.AddToCart@343570b7]" started-at="2024-05-22T18:38:36 IST" name="tearDown" finished-at="2024-05-22T18:38:37 IST" duration-ms="996" status="PASS">
          <reporter-output>
          </reporter-output>
        </test-method> <!-- tearDown -->
      </class> <!-- testCases.AddToCart -->
    </test> <!-- Test -->
  </suite> <!-- Suite -->
</testng-results>
