<?xml version="1.0" encoding="UTF-8"?>
<testng-results ignored="0" total="1" passed="1" failed="0" skipped="0">
  <reporter-output>
  </reporter-output>
  <suite started-at="2024-06-26T19:50:14 IST" name="Default suite" finished-at="2024-06-26T19:50:28 IST" duration-ms="14090">
    <groups>
    </groups>
    <test started-at="2024-06-26T19:50:14 IST" name="Default test" finished-at="2024-06-26T19:50:28 IST" duration-ms="14090">
      <class name="testCases.AddToCart">
        <test-method is-config="true" signature="launchBrowser()[pri:0, instance:testCases.AddToCart@14555e0a]" started-at="2024-06-26T19:50:06 IST" name="launchBrowser" finished-at="2024-06-26T19:50:14 IST" duration-ms="7890" status="PASS">
          <reporter-output>
          </reporter-output>
        </test-method> <!-- launchBrowser -->
        <test-method is-config="true" signature="reportGeneration()[pri:0, instance:testCases.AddToCart@14555e0a]" started-at="2024-06-26T19:50:14 IST" name="reportGeneration" finished-at="2024-06-26T19:50:14 IST" duration-ms="333" status="PASS">
          <reporter-output>
          </reporter-output>
        </test-method> <!-- reportGeneration -->
        <test-method signature="itemsAddTocart()[pri:0, instance:testCases.AddToCart@14555e0a]" started-at="2024-06-26T19:50:14 IST" name="itemsAddTocart" finished-at="2024-06-26T19:50:28 IST" duration-ms="13696" status="PASS">
          <reporter-output>
          </reporter-output>
        </test-method> <!-- itemsAddTocart -->
        <test-method is-config="true" signature="testFail(org.testng.ITestResult)[pri:0, instance:testCases.AddToCart@14555e0a]" started-at="2024-06-26T19:50:28 IST" name="testFail" finished-at="2024-06-26T19:50:28 IST" duration-ms="0" status="PASS">
          <params>
            <param index="0">
              <value>
                <![CDATA[[TestResult name=itemsAddTocart status=SUCCESS method=AddToCart.itemsAddTocart()[pri:0, instance:testCases.AddToCart@14555e0a] output={null}]]]>
              </value>
            </param>
          </params>
          <reporter-output>
          </reporter-output>
        </test-method> <!-- testFail -->
        <test-method is-config="true" signature="tearDown()[pri:0, instance:testCases.AddToCart@14555e0a]" started-at="2024-06-26T19:50:28 IST" name="tearDown" finished-at="2024-06-26T19:50:29 IST" duration-ms="1140" status="PASS">
          <reporter-output>
          </reporter-output>
        </test-method> <!-- tearDown -->
      </class> <!-- testCases.AddToCart -->
    </test> <!-- Default test -->
  </suite> <!-- Default suite -->
</testng-results>
